<?xml version="1.0" encoding="UTF-8"?>
<!-- Generated by org.testng.reporters.JUnitXMLReporter -->
<testsuite hostname="AMARAHMA-IN" ignored="0" name="GoogleTests" tests="1" failures="0" timestamp="2020-06-03T22:52:35 IST" time="0.027" errors="0">
  <testcase name="@BeforeSuite Setup" time="0.01" classname="setupTeardown.SetupTeardownForGoogleTests">
    <failure type="java.io.FileNotFoundException" message="TestNGWithSelenium\src\test\resources\files\config.properties (The system cannot find the path specified)">
      <![CDATA[java.io.FileNotFoundException: TestNGWithSelenium\src\test\resources\files\config.properties (The system cannot find the path specified)
at java.io.FileInputStream.open0(Native Method)
at java.io.FileInputStream.open(FileInputStream.java:195)
at java.io.FileInputStream.<init>(FileInputStream.java:138)
at java.io.FileInputStream.<init>(FileInputStream.java:93)
at fileUtils.FileUtils.<init>(FileUtils.java:15)
at setupTeardown.SetupTeardownForGoogleTests.Setup(SetupTeardownForGoogleTests.java:30)
... Removed 19 stack frames]]>
    </failure>
  </testcase> <!-- @BeforeSuite Setup -->
  <testcase name="PopularityCheck" time="0.0" classname="testScripts.GoogleTests">
    <skipped/>
  </testcase> <!-- PopularityCheck -->
</testsuite> <!-- GoogleTests -->
